app/build/intermediates/manifest_merge_blame_file/debug/processDebugMainManifest/manifest-merger-blame-debug-report.txt
1<?xml version="1.0" encoding="utf-8"?>
2<manifest xmlns:android="http://schemas.android.com/apk/res/android"
3    package="com.example.myapplication"
4    android:versionCode="1"
5    android:versionName="1.0" >
6
7    <uses-sdk
8        android:minSdkVersion="26"
9        android:targetSdkVersion="34" />
10
11    <uses-permission android:name="android.permission.INTERNET" />
11-->src\main\AndroidManifest.xml:5:5-67
11-->src\main\AndroidManifest.xml:5:22-64
12    <uses-permission android:name="android.permission.ACCESS_NETWORK_STATE" />
12-->src\main\AndroidManifest.xml:6:5-79
12-->src\main\AndroidManifest.xml:6:22-76
13    <uses-permission android:name="android.permission.ACCESS_FINE_LOCATION" />
13-->src\main\AndroidManifest.xml:7:5-79
13-->src\main\AndroidManifest.xml:7:22-76
14    <uses-permission android:name="android.permission.ACCESS_COARSE_LOCATION" />
14-->src\main\AndroidManifest.xml:8:5-81
14-->src\main\AndroidManifest.xml:8:22-78
15    <uses-permission android:name="android.permission.CAMERA" />
15-->src\main\AndroidManifest.xml:9:5-65
15-->src\main\AndroidManifest.xml:9:22-62
16    <uses-permission android:name="android.permission.USE_BIOMETRIC" />
16-->src\main\AndroidManifest.xml:10:5-72
16-->src\main\AndroidManifest.xml:10:22-69
17    <uses-permission
17-->src\main\AndroidManifest.xml:11:5-12:38
18        android:name="android.permission.READ_EXTERNAL_STORAGE"
18-->src\main\AndroidManifest.xml:11:22-77
19        android:maxSdkVersion="32" />
19-->src\main\AndroidManifest.xml:12:9-35
20
21    <uses-feature
21-->src\main\AndroidManifest.xml:14:5-85
22        android:name="android.hardware.camera"
22-->src\main\AndroidManifest.xml:14:19-57
23        android:required="false" />
23-->src\main\AndroidManifest.xml:14:58-82
24    <!-- suppress DeprecatedClassUsageInspection -->
25    <uses-permission android:name="android.permission.USE_FINGERPRINT" />
25-->[androidx.biometric:biometric:1.1.0] AndroidManifest.xml:27:5-74
25-->[androidx.biometric:biometric:1.1.0] AndroidManifest.xml:27:22-71
26
27    <uses-feature
27-->[com.google.android.gms:play-services-maps:18.2.0] AndroidManifest.xml:26:5-28:35
28        android:glEsVersion="0x00020000"
28-->[com.google.android.gms:play-services-maps:18.2.0] AndroidManifest.xml:27:9-41
29        android:required="true" />
29-->[com.google.android.gms:play-services-maps:18.2.0] AndroidManifest.xml:28:9-32
30
31    <queries>
31-->[com.google.android.gms:play-services-maps:18.2.0] AndroidManifest.xml:30:5-34:15
32
33        <!-- Needs to be explicitly declared on Android R+ -->
34        <package android:name="com.google.android.apps.maps" />
34-->[com.google.android.gms:play-services-maps:18.2.0] AndroidManifest.xml:33:9-64
34-->[com.google.android.gms:play-services-maps:18.2.0] AndroidManifest.xml:33:18-61
35    </queries>
36
37    <permission
37-->[androidx.core:core:1.12.0] AndroidManifest.xml:22:5-24:47
38        android:name="com.example.myapplication.DYNAMIC_RECEIVER_NOT_EXPORTED_PERMISSION"
38-->[androidx.core:core:1.12.0] AndroidManifest.xml:23:9-81
39        android:protectionLevel="signature" />
39-->[androidx.core:core:1.12.0] AndroidManifest.xml:24:9-44
40
41    <uses-permission android:name="com.example.myapplication.DYNAMIC_RECEIVER_NOT_EXPORTED_PERMISSION" />
41-->[androidx.core:core:1.12.0] AndroidManifest.xml:26:5-97
41-->[androidx.core:core:1.12.0] AndroidManifest.xml:26:22-94
42
43    <uses-feature
43-->[com.journeyapps:zxing-android-embedded:4.3.0] AndroidManifest.xml:28:5-30:36
44        android:name="android.hardware.camera.front"
44-->[com.journeyapps:zxing-android-embedded:4.3.0] AndroidManifest.xml:29:9-53
45        android:required="false" /> <!-- TODO replace above two with next line after Android 4.2 -->
45-->[com.journeyapps:zxing-android-embedded:4.3.0] AndroidManifest.xml:30:9-33
46    <!-- <uses-feature android:name="android.hardware.camera.any"/> -->
47    <uses-feature
47-->[com.journeyapps:zxing-android-embedded:4.3.0] AndroidManifest.xml:33:5-35:36
48        android:name="android.hardware.camera.autofocus"
48-->[com.journeyapps:zxing-android-embedded:4.3.0] AndroidManifest.xml:34:9-57
49        android:required="false" />
49-->[com.journeyapps:zxing-android-embedded:4.3.0] AndroidManifest.xml:35:9-33
50    <uses-feature
50-->[com.journeyapps:zxing-android-embedded:4.3.0] AndroidManifest.xml:36:5-38:36
51        android:name="android.hardware.camera.flash"
51-->[com.journeyapps:zxing-android-embedded:4.3.0] AndroidManifest.xml:37:9-53
52        android:required="false" />
52-->[com.journeyapps:zxing-android-embedded:4.3.0] AndroidManifest.xml:38:9-33
53    <uses-feature
53-->[com.journeyapps:zxing-android-embedded:4.3.0] AndroidManifest.xml:39:5-41:36
54        android:name="android.hardware.screen.landscape"
54-->[com.journeyapps:zxing-android-embedded:4.3.0] AndroidManifest.xml:40:9-57
55        android:required="false" />
55-->[com.journeyapps:zxing-android-embedded:4.3.0] AndroidManifest.xml:41:9-33
56    <uses-feature
56-->[com.journeyapps:zxing-android-embedded:4.3.0] AndroidManifest.xml:42:5-44:36
57        android:name="android.hardware.wifi"
57-->[com.journeyapps:zxing-android-embedded:4.3.0] AndroidManifest.xml:43:9-45
58        android:required="false" />
58-->[com.journeyapps:zxing-android-embedded:4.3.0] AndroidManifest.xml:44:9-33
59
60    <application
60-->src\main\AndroidManifest.xml:16:5-69:19
61        android:name="com.example.myapplication.BankingApplication"
61-->src\main\AndroidManifest.xml:17:9-43
62        android:allowBackup="true"
62-->src\main\AndroidManifest.xml:18:9-35
63        android:appComponentFactory="androidx.core.app.CoreComponentFactory"
63-->[androidx.core:core:1.12.0] AndroidManifest.xml:28:18-86
64        android:debuggable="true"
65        android:extractNativeLibs="false"
66        android:icon="@mipmap/ic_launcher"
66-->src\main\AndroidManifest.xml:19:9-43
67        android:label="@string/app_name"
67-->src\main\AndroidManifest.xml:20:9-41
68        android:roundIcon="@mipmap/ic_launcher_round"
68-->src\main\AndroidManifest.xml:21:9-54
69        android:supportsRtl="true"
69-->src\main\AndroidManifest.xml:22:9-35
70        android:testOnly="true"
71        android:theme="@style/Theme.TDTBank" >
71-->src\main\AndroidManifest.xml:23:9-45
72        <meta-data
72-->src\main\AndroidManifest.xml:26:9-28:71
73            android:name="com.google.android.geo.API_KEY"
73-->src\main\AndroidManifest.xml:27:13-58
74            android:value="AIzaSyAGxCGir6oJYZ7BoqdBmpYmjB0Fn4tQ8nE" />
74-->src\main\AndroidManifest.xml:28:13-68
75
76        <!-- QR codes -->
77        <provider
78            android:name="androidx.core.content.FileProvider"
78-->src\main\AndroidManifest.xml:32:13-62
79            android:authorities="com.example.myapplication.fileprovider"
79-->src\main\AndroidManifest.xml:33:13-64
80            android:exported="false"
80-->src\main\AndroidManifest.xml:34:13-37
81            android:grantUriPermissions="true" >
81-->src\main\AndroidManifest.xml:35:13-47
82            <meta-data
82-->src\main\AndroidManifest.xml:36:13-38:54
83                android:name="android.support.FILE_PROVIDER_PATHS"
83-->src\main\AndroidManifest.xml:37:17-67
84                android:resource="@xml/file_paths" />
84-->src\main\AndroidManifest.xml:38:17-51
85        </provider>
86
87        <activity
87-->src\main\AndroidManifest.xml:41:9-46:20
88            android:name="com.example.myapplication.activities.SplashActivity"
88-->src\main\AndroidManifest.xml:41:19-60
89            android:exported="true" >
89-->src\main\AndroidManifest.xml:41:61-84
90            <intent-filter>
90-->src\main\AndroidManifest.xml:42:13-45:29
91                <action android:name="android.intent.action.MAIN" />
91-->src\main\AndroidManifest.xml:43:17-69
91-->src\main\AndroidManifest.xml:43:25-66
92
93                <category android:name="android.intent.category.LAUNCHER" />
93-->src\main\AndroidManifest.xml:44:17-77
93-->src\main\AndroidManifest.xml:44:27-74
94            </intent-filter>
95        </activity>
96        <activity
96-->src\main\AndroidManifest.xml:48:9-87
97            android:name="com.example.myapplication.activities.LoginActivity"
97-->src\main\AndroidManifest.xml:48:19-59
98            android:exported="false" />
98-->src\main\AndroidManifest.xml:48:60-84
99        <activity
99-->src\main\AndroidManifest.xml:49:9-90
100            android:name="com.example.myapplication.activities.RegisterActivity"
100-->src\main\AndroidManifest.xml:49:19-62
101            android:exported="false" />
101-->src\main\AndroidManifest.xml:49:63-87
102        <activity
102-->src\main\AndroidManifest.xml:50:9-86
103            android:name="com.example.myapplication.activities.MainActivity"
103-->src\main\AndroidManifest.xml:50:19-58
104            android:exported="false" />
104-->src\main\AndroidManifest.xml:50:59-83
105        <activity
105-->src\main\AndroidManifest.xml:51:9-93
106            android:name="com.example.myapplication.activities.OfficerMainActivity"
106-->src\main\AndroidManifest.xml:51:19-65
107            android:exported="false" />
107-->src\main\AndroidManifest.xml:51:66-90
108        <activity
108-->src\main\AndroidManifest.xml:52:9-95
109            android:name="com.example.myapplication.activities.AccountDetailActivity"
109-->src\main\AndroidManifest.xml:52:19-67
110            android:exported="false" />
110-->src\main\AndroidManifest.xml:52:68-92
111        <activity
111-->src\main\AndroidManifest.xml:53:9-90
112            android:name="com.example.myapplication.activities.TransferActivity"
112-->src\main\AndroidManifest.xml:53:19-62
113            android:exported="false" />
113-->src\main\AndroidManifest.xml:53:63-87
114        <activity
114-->src\main\AndroidManifest.xml:54:9-93
115            android:name="com.example.myapplication.activities.BillPaymentActivity"
115-->src\main\AndroidManifest.xml:54:19-65
116            android:exported="false" />
116-->src\main\AndroidManifest.xml:54:66-90
117        <activity
117-->src\main\AndroidManifest.xml:55:9-92
118            android:name="com.example.myapplication.activities.PhoneTopUpActivity"
118-->src\main\AndroidManifest.xml:55:19-64
119            android:exported="false" />
119-->src\main\AndroidManifest.xml:55:65-89
120        <activity
120-->src\main\AndroidManifest.xml:56:9-100
121            android:name="com.example.myapplication.activities.TransactionHistoryActivity"
121-->src\main\AndroidManifest.xml:56:19-72
122            android:exported="false" />
122-->src\main\AndroidManifest.xml:56:73-97
123        <activity
123-->src\main\AndroidManifest.xml:57:9-89
124            android:name="com.example.myapplication.activities.ProfileActivity"
124-->src\main\AndroidManifest.xml:57:19-61
125            android:exported="false" />
125-->src\main\AndroidManifest.xml:57:62-86
126        <activity
126-->src\main\AndroidManifest.xml:58:9-85
127            android:name="com.example.myapplication.activities.MapActivity"
127-->src\main\AndroidManifest.xml:58:19-57
128            android:exported="false" />
128-->src\main\AndroidManifest.xml:58:58-82
129        <activity
129-->src\main\AndroidManifest.xml:59:9-91
130            android:name="com.example.myapplication.activities.QRScannerActivity"
130-->src\main\AndroidManifest.xml:59:19-63
131            android:exported="false" />
131-->src\main\AndroidManifest.xml:59:64-88
132        <activity
132-->src\main\AndroidManifest.xml:60:9-88
133            android:name="com.example.myapplication.activities.QRCodeActivity"
133-->src\main\AndroidManifest.xml:60:19-60
134            android:exported="false" />
134-->src\main\AndroidManifest.xml:60:61-85
135        <activity
135-->src\main\AndroidManifest.xml:61:9-97
136            android:name="com.example.myapplication.activities.OTPVerificationActivity"
136-->src\main\AndroidManifest.xml:61:19-69
137            android:exported="false" />
137-->src\main\AndroidManifest.xml:61:70-94
138        <activity
138-->src\main\AndroidManifest.xml:62:9-98
139            android:name="com.example.myapplication.activities.FaceVerificationActivity"
139-->src\main\AndroidManifest.xml:62:19-70
140            android:exported="false" />
140-->src\main\AndroidManifest.xml:62:71-95
141        <activity
141-->src\main\AndroidManifest.xml:63:9-96
142            android:name="com.example.myapplication.activities.CreateCustomerActivity"
142-->src\main\AndroidManifest.xml:63:19-68
143            android:exported="false" />
143-->src\main\AndroidManifest.xml:63:69-93
144        <activity
144-->src\main\AndroidManifest.xml:64:9-97
145            android:name="com.example.myapplication.activities.ManageCustomersActivity"
145-->src\main\AndroidManifest.xml:64:19-69
146            android:exported="false" />
146-->src\main\AndroidManifest.xml:64:70-94
147        <activity
147-->src\main\AndroidManifest.xml:65:9-101
148            android:name="com.example.myapplication.activities.ManageInterestRatesActivity"
148-->src\main\AndroidManifest.xml:65:19-73
149            android:exported="false" />
149-->src\main\AndroidManifest.xml:65:74-98
150        <activity
150-->src\main\AndroidManifest.xml:66:9-93
151            android:name="com.example.myapplication.activities.OpenAccountActivity"
151-->src\main\AndroidManifest.xml:66:19-65
152            android:exported="false" />
152-->src\main\AndroidManifest.xml:66:66-90
153        <activity
153-->src\main\AndroidManifest.xml:67:9-96
154            android:name="com.example.myapplication.activities.CustomerDetailActivity"
154-->src\main\AndroidManifest.xml:67:19-68
155            android:exported="false" />
155-->src\main\AndroidManifest.xml:67:69-93
156
157        <service
157-->[androidx.camera:camera-camera2:1.3.1] AndroidManifest.xml:24:9-33:19
158            android:name="androidx.camera.core.impl.MetadataHolderService"
158-->[androidx.camera:camera-camera2:1.3.1] AndroidManifest.xml:25:13-75
159            android:enabled="false"
159-->[androidx.camera:camera-camera2:1.3.1] AndroidManifest.xml:26:13-36
160            android:exported="false" >
160-->[androidx.camera:camera-camera2:1.3.1] AndroidManifest.xml:27:13-37
161            <meta-data
161-->[androidx.camera:camera-camera2:1.3.1] AndroidManifest.xml:30:13-32:89
162                android:name="androidx.camera.core.impl.MetadataHolderService.DEFAULT_CONFIG_PROVIDER"
162-->[androidx.camera:camera-camera2:1.3.1] AndroidManifest.xml:31:17-103
163                android:value="androidx.camera.camera2.Camera2Config$DefaultProvider" />
163-->[androidx.camera:camera-camera2:1.3.1] AndroidManifest.xml:32:17-86
164        </service>
165
166        <provider
166-->[androidx.emoji2:emoji2:1.2.0] AndroidManifest.xml:24:9-32:20
167            android:name="androidx.startup.InitializationProvider"
167-->[androidx.emoji2:emoji2:1.2.0] AndroidManifest.xml:25:13-67
168            android:authorities="com.example.myapplication.androidx-startup"
168-->[androidx.emoji2:emoji2:1.2.0] AndroidManifest.xml:26:13-68
169            android:exported="false" >
169-->[androidx.emoji2:emoji2:1.2.0] AndroidManifest.xml:27:13-37
170            <meta-data
170-->[androidx.emoji2:emoji2:1.2.0] AndroidManifest.xml:29:13-31:52
171                android:name="androidx.emoji2.text.EmojiCompatInitializer"
171-->[androidx.emoji2:emoji2:1.2.0] AndroidManifest.xml:30:17-75
172                android:value="androidx.startup" />
172-->[androidx.emoji2:emoji2:1.2.0] AndroidManifest.xml:31:17-49
173            <meta-data
173-->[androidx.lifecycle:lifecycle-process:2.6.1] AndroidManifest.xml:29:13-31:52
174                android:name="androidx.lifecycle.ProcessLifecycleInitializer"
174-->[androidx.lifecycle:lifecycle-process:2.6.1] AndroidManifest.xml:30:17-78
175                android:value="androidx.startup" />
175-->[androidx.lifecycle:lifecycle-process:2.6.1] AndroidManifest.xml:31:17-49
176            <meta-data
176-->[androidx.profileinstaller:profileinstaller:1.3.0] AndroidManifest.xml:29:13-31:52
177                android:name="androidx.profileinstaller.ProfileInstallerInitializer"
177-->[androidx.profileinstaller:profileinstaller:1.3.0] AndroidManifest.xml:30:17-85
178                android:value="androidx.startup" />
178-->[androidx.profileinstaller:profileinstaller:1.3.0] AndroidManifest.xml:31:17-49
179        </provider> <!-- Needs to be explicitly declared on P+ -->
180        <uses-library
180-->[com.google.android.gms:play-services-maps:18.2.0] AndroidManifest.xml:39:9-41:40
181            android:name="org.apache.http.legacy"
181-->[com.google.android.gms:play-services-maps:18.2.0] AndroidManifest.xml:40:13-50
182            android:required="false" />
182-->[com.google.android.gms:play-services-maps:18.2.0] AndroidManifest.xml:41:13-37
183
184        <activity
184-->[com.google.firebase:firebase-auth:22.3.0] AndroidManifest.xml:29:9-46:20
185            android:name="com.google.firebase.auth.internal.GenericIdpActivity"
185-->[com.google.firebase:firebase-auth:22.3.0] AndroidManifest.xml:30:13-80
186            android:excludeFromRecents="true"
186-->[com.google.firebase:firebase-auth:22.3.0] AndroidManifest.xml:31:13-46
187            android:exported="true"
187-->[com.google.firebase:firebase-auth:22.3.0] AndroidManifest.xml:32:13-36
188            android:launchMode="singleTask"
188-->[com.google.firebase:firebase-auth:22.3.0] AndroidManifest.xml:33:13-44
189            android:theme="@android:style/Theme.Translucent.NoTitleBar" >
189-->[com.google.firebase:firebase-auth:22.3.0] AndroidManifest.xml:34:13-72
190            <intent-filter>
190-->[com.google.firebase:firebase-auth:22.3.0] AndroidManifest.xml:35:13-45:29
191                <action android:name="android.intent.action.VIEW" />
191-->[com.google.firebase:firebase-auth:22.3.0] AndroidManifest.xml:36:17-69
191-->[com.google.firebase:firebase-auth:22.3.0] AndroidManifest.xml:36:25-66
192
193                <category android:name="android.intent.category.DEFAULT" />
193-->[com.google.firebase:firebase-auth:22.3.0] AndroidManifest.xml:38:17-76
193-->[com.google.firebase:firebase-auth:22.3.0] AndroidManifest.xml:38:27-73
194                <category android:name="android.intent.category.BROWSABLE" />
194-->[com.google.firebase:firebase-auth:22.3.0] AndroidManifest.xml:39:17-78
194-->[com.google.firebase:firebase-auth:22.3.0] AndroidManifest.xml:39:27-75
195
196                <data
196-->[com.google.firebase:firebase-auth:22.3.0] AndroidManifest.xml:41:17-44:51
197                    android:host="firebase.auth"
197-->[com.google.firebase:firebase-auth:22.3.0] AndroidManifest.xml:42:21-49
198                    android:path="/"
198-->[com.google.firebase:firebase-auth:22.3.0] AndroidManifest.xml:43:21-37
199                    android:scheme="genericidp" />
199-->[com.google.firebase:firebase-auth:22.3.0] AndroidManifest.xml:44:21-48
200            </intent-filter>
201        </activity>
202        <activity
202-->[com.google.firebase:firebase-auth:22.3.0] AndroidManifest.xml:47:9-64:20
203            android:name="com.google.firebase.auth.internal.RecaptchaActivity"
203-->[com.google.firebase:firebase-auth:22.3.0] AndroidManifest.xml:48:13-79
204            android:excludeFromRecents="true"
204-->[com.google.firebase:firebase-auth:22.3.0] AndroidManifest.xml:49:13-46
205            android:exported="true"
205-->[com.google.firebase:firebase-auth:22.3.0] AndroidManifest.xml:50:13-36
206            android:launchMode="singleTask"
206-->[com.google.firebase:firebase-auth:22.3.0] AndroidManifest.xml:51:13-44
207            android:theme="@android:style/Theme.Translucent.NoTitleBar" >
207-->[com.google.firebase:firebase-auth:22.3.0] AndroidManifest.xml:52:13-72
208            <intent-filter>
208-->[com.google.firebase:firebase-auth:22.3.0] AndroidManifest.xml:53:13-63:29
209                <action android:name="android.intent.action.VIEW" />
209-->[com.google.firebase:firebase-auth:22.3.0] AndroidManifest.xml:36:17-69
209-->[com.google.firebase:firebase-auth:22.3.0] AndroidManifest.xml:36:25-66
210
211                <category android:name="android.intent.category.DEFAULT" />
211-->[com.google.firebase:firebase-auth:22.3.0] AndroidManifest.xml:38:17-76
211-->[com.google.firebase:firebase-auth:22.3.0] AndroidManifest.xml:38:27-73
212                <category android:name="android.intent.category.BROWSABLE" />
212-->[com.google.firebase:firebase-auth:22.3.0] AndroidManifest.xml:39:17-78
212-->[com.google.firebase:firebase-auth:22.3.0] AndroidManifest.xml:39:27-75
213
214                <data
214-->[com.google.firebase:firebase-auth:22.3.0] AndroidManifest.xml:41:17-44:51
215                    android:host="firebase.auth"
215-->[com.google.firebase:firebase-auth:22.3.0] AndroidManifest.xml:42:21-49
216                    android:path="/"
216-->[com.google.firebase:firebase-auth:22.3.0] AndroidManifest.xml:43:21-37
217                    android:scheme="recaptcha" />
217-->[com.google.firebase:firebase-auth:22.3.0] AndroidManifest.xml:44:21-48
218            </intent-filter>
219        </activity>
220
221        <service
221-->[com.google.firebase:firebase-auth:22.3.0] AndroidManifest.xml:66:9-72:19
222            android:name="com.google.firebase.components.ComponentDiscoveryService"
222-->[com.google.firebase:firebase-auth:22.3.0] AndroidManifest.xml:67:13-84
223            android:directBootAware="true"
223-->[com.google.firebase:firebase-common:20.4.2] AndroidManifest.xml:32:13-43
224            android:exported="false" >
224-->[com.google.firebase:firebase-auth:22.3.0] AndroidManifest.xml:68:13-37
225            <meta-data
225-->[com.google.firebase:firebase-auth:22.3.0] AndroidManifest.xml:69:13-71:85
226                android:name="com.google.firebase.components:com.google.firebase.auth.FirebaseAuthRegistrar"
226-->[com.google.firebase:firebase-auth:22.3.0] AndroidManifest.xml:70:17-109
227                android:value="com.google.firebase.components.ComponentRegistrar" />
227-->[com.google.firebase:firebase-auth:22.3.0] AndroidManifest.xml:71:17-82
228            <meta-data
228-->[com.google.firebase:firebase-firestore:24.10.0] AndroidManifest.xml:17:13-19:85
229                android:name="com.google.firebase.components:com.google.firebase.firestore.FirebaseFirestoreKtxRegistrar"
229-->[com.google.firebase:firebase-firestore:24.10.0] AndroidManifest.xml:18:17-122
230                android:value="com.google.firebase.components.ComponentRegistrar" />
230-->[com.google.firebase:firebase-firestore:24.10.0] AndroidManifest.xml:19:17-82
231            <meta-data
231-->[com.google.firebase:firebase-firestore:24.10.0] AndroidManifest.xml:20:13-22:85
232                android:name="com.google.firebase.components:com.google.firebase.firestore.FirestoreRegistrar"
232-->[com.google.firebase:firebase-firestore:24.10.0] AndroidManifest.xml:21:17-111
233                android:value="com.google.firebase.components.ComponentRegistrar" />
233-->[com.google.firebase:firebase-firestore:24.10.0] AndroidManifest.xml:22:17-82
234            <meta-data
234-->[com.google.firebase:firebase-storage:20.3.0] AndroidManifest.xml:30:13-32:85
235                android:name="com.google.firebase.components:com.google.firebase.storage.FirebaseStorageKtxRegistrar"
235-->[com.google.firebase:firebase-storage:20.3.0] AndroidManifest.xml:31:17-118
236                android:value="com.google.firebase.components.ComponentRegistrar" />
236-->[com.google.firebase:firebase-storage:20.3.0] AndroidManifest.xml:32:17-82
237            <meta-data
237-->[com.google.firebase:firebase-storage:20.3.0] AndroidManifest.xml:33:13-35:85
238                android:name="com.google.firebase.components:com.google.firebase.storage.StorageRegistrar"
238-->[com.google.firebase:firebase-storage:20.3.0] AndroidManifest.xml:34:17-107
239                android:value="com.google.firebase.components.ComponentRegistrar" />
239-->[com.google.firebase:firebase-storage:20.3.0] AndroidManifest.xml:35:17-82
240            <meta-data
240-->[com.google.firebase:firebase-appcheck:17.1.1] AndroidManifest.xml:25:13-27:85
241                android:name="com.google.firebase.components:com.google.firebase.appcheck.FirebaseAppCheckKtxRegistrar"
241-->[com.google.firebase:firebase-appcheck:17.1.1] AndroidManifest.xml:26:17-120
242                android:value="com.google.firebase.components.ComponentRegistrar" />
242-->[com.google.firebase:firebase-appcheck:17.1.1] AndroidManifest.xml:27:17-82
243            <meta-data
243-->[com.google.firebase:firebase-appcheck:17.1.1] AndroidManifest.xml:28:13-30:85
244                android:name="com.google.firebase.components:com.google.firebase.appcheck.FirebaseAppCheckRegistrar"
244-->[com.google.firebase:firebase-appcheck:17.1.1] AndroidManifest.xml:29:17-117
245                android:value="com.google.firebase.components.ComponentRegistrar" />
245-->[com.google.firebase:firebase-appcheck:17.1.1] AndroidManifest.xml:30:17-82
246            <meta-data
246-->[com.google.firebase:firebase-common-ktx:20.4.2] AndroidManifest.xml:12:13-14:85
247                android:name="com.google.firebase.components:com.google.firebase.ktx.FirebaseCommonLegacyRegistrar"
247-->[com.google.firebase:firebase-common-ktx:20.4.2] AndroidManifest.xml:13:17-116
248                android:value="com.google.firebase.components.ComponentRegistrar" />
248-->[com.google.firebase:firebase-common-ktx:20.4.2] AndroidManifest.xml:14:17-82
249            <meta-data
249-->[com.google.firebase:firebase-common:20.4.2] AndroidManifest.xml:35:13-37:85
250                android:name="com.google.firebase.components:com.google.firebase.FirebaseCommonKtxRegistrar"
250-->[com.google.firebase:firebase-common:20.4.2] AndroidManifest.xml:36:17-109
251                android:value="com.google.firebase.components.ComponentRegistrar" />
251-->[com.google.firebase:firebase-common:20.4.2] AndroidManifest.xml:37:17-82
252        </service>
253        <service
253-->[com.google.android.gms:play-services-mlkit-face-detection:17.0.1] AndroidManifest.xml:9:9-15:19
254            android:name="com.google.mlkit.common.internal.MlKitComponentDiscoveryService"
254-->[com.google.android.gms:play-services-mlkit-face-detection:17.0.1] AndroidManifest.xml:10:13-91
255            android:directBootAware="true"
255-->[com.google.mlkit:common:18.1.0] AndroidManifest.xml:17:13-43
256            android:exported="false" >
256-->[com.google.android.gms:play-services-mlkit-face-detection:17.0.1] AndroidManifest.xml:11:13-37
257            <meta-data
257-->[com.google.android.gms:play-services-mlkit-face-detection:17.0.1] AndroidManifest.xml:12:13-14:85
258                android:name="com.google.firebase.components:com.google.mlkit.vision.face.internal.FaceRegistrar"
258-->[com.google.android.gms:play-services-mlkit-face-detection:17.0.1] AndroidManifest.xml:13:17-114
259                android:value="com.google.firebase.components.ComponentRegistrar" />
259-->[com.google.android.gms:play-services-mlkit-face-detection:17.0.1] AndroidManifest.xml:14:17-82
260            <meta-data
260-->[com.google.mlkit:vision-common:17.1.0] AndroidManifest.xml:12:13-14:85
261                android:name="com.google.firebase.components:com.google.mlkit.vision.common.internal.VisionCommonRegistrar"
261-->[com.google.mlkit:vision-common:17.1.0] AndroidManifest.xml:13:17-124
262                android:value="com.google.firebase.components.ComponentRegistrar" />
262-->[com.google.mlkit:vision-common:17.1.0] AndroidManifest.xml:14:17-82
263            <meta-data
263-->[com.google.mlkit:common:18.1.0] AndroidManifest.xml:20:13-22:85
264                android:name="com.google.firebase.components:com.google.mlkit.common.internal.CommonComponentRegistrar"
264-->[com.google.mlkit:common:18.1.0] AndroidManifest.xml:21:17-120
265                android:value="com.google.firebase.components.ComponentRegistrar" />
265-->[com.google.mlkit:common:18.1.0] AndroidManifest.xml:22:17-82
266        </service>
267
268        <provider
268-->[com.google.mlkit:common:18.1.0] AndroidManifest.xml:9:9-13:38
269            android:name="com.google.mlkit.common.internal.MlKitInitProvider"
269-->[com.google.mlkit:common:18.1.0] AndroidManifest.xml:10:13-78
270            android:authorities="com.example.myapplication.mlkitinitprovider"
270-->[com.google.mlkit:common:18.1.0] AndroidManifest.xml:11:13-69
271            android:exported="false"
271-->[com.google.mlkit:common:18.1.0] AndroidManifest.xml:12:13-37
272            android:initOrder="99" />
272-->[com.google.mlkit:common:18.1.0] AndroidManifest.xml:13:13-35
273
274        <activity
274-->[com.google.android.gms:play-services-base:18.1.0] AndroidManifest.xml:20:9-22:45
275            android:name="com.google.android.gms.common.api.GoogleApiActivity"
275-->[com.google.android.gms:play-services-base:18.1.0] AndroidManifest.xml:20:19-85
276            android:exported="false"
276-->[com.google.android.gms:play-services-base:18.1.0] AndroidManifest.xml:22:19-43
277            android:theme="@android:style/Theme.Translucent.NoTitleBar" />
277-->[com.google.android.gms:play-services-base:18.1.0] AndroidManifest.xml:21:19-78
278
279        <provider
279-->[com.google.firebase:firebase-common:20.4.2] AndroidManifest.xml:23:9-28:39
280            android:name="com.google.firebase.provider.FirebaseInitProvider"
280-->[com.google.firebase:firebase-common:20.4.2] AndroidManifest.xml:24:13-77
281            android:authorities="com.example.myapplication.firebaseinitprovider"
281-->[com.google.firebase:firebase-common:20.4.2] AndroidManifest.xml:25:13-72
282            android:directBootAware="true"
282-->[com.google.firebase:firebase-common:20.4.2] AndroidManifest.xml:26:13-43
283            android:exported="false"
283-->[com.google.firebase:firebase-common:20.4.2] AndroidManifest.xml:27:13-37
284            android:initOrder="100" />
284-->[com.google.firebase:firebase-common:20.4.2] AndroidManifest.xml:28:13-36
285
286        <meta-data